have_struct_member: checking for rb_method_entry_t.body in method.h... -------------------- no

"gcc -o conftest -I/opt/bitnami/ruby/include/ruby-1.9.1/i686-linux -I/opt/bitnami/ruby/include/ruby-1.9.1/ruby/backward -I/opt/bitnami/ruby/include/ruby-1.9.1 -I. -DAI_ADDRCONFIG=0 -I/opt/bitnami/common/include  -D_FILE_OFFSET_BITS=64 -DAI_ADDRCONFIG=0 -I/opt/bitnami/common/include  -I/opt/bitnami/common/include -DRB_ISEQ_COMPILE_6ARGS conftest.c  -L. -L/opt/bitnami/ruby/lib -Wl,-R/opt/bitnami/ruby/lib -L. -L/opt/bitnami/common/lib -rdynamic -Wl,-export-dynamic     -Wl,-R -Wl,/opt/bitnami/ruby/lib -L/opt/bitnami/ruby/lib -lruby-static  -lpthread -lrt -ldl -lcrypt -lm   -lc"
checked program was:
/* begin */
1: #include "ruby.h"
2: 
3: int main() {return 0;}
/* end */

"gcc -I/opt/bitnami/ruby/include/ruby-1.9.1/i686-linux -I/opt/bitnami/ruby/include/ruby-1.9.1/ruby/backward -I/opt/bitnami/ruby/include/ruby-1.9.1 -I. -DAI_ADDRCONFIG=0 -I/opt/bitnami/common/include  -D_FILE_OFFSET_BITS=64 -DAI_ADDRCONFIG=0 -I/opt/bitnami/common/include  -I/opt/bitnami/common/include -DRB_ISEQ_COMPILE_6ARGS   -c conftest.c"
conftest.c:3: fatal error: method.h: No such file or directory
compilation terminated.
checked program was:
/* begin */
1: #include "ruby.h"
2: 
3: #include <method.h>
4: 
5: /*top*/
6: int main() {return 0;}
7: int s = (char *)&((rb_method_entry_t*)0)->body - (char *)0;
/* end */

--------------------

have_header: checking for vm_core.h... -------------------- no

"gcc -E -I/opt/bitnami/ruby/include/ruby-1.9.1/i686-linux -I/opt/bitnami/ruby/include/ruby-1.9.1/ruby/backward -I/opt/bitnami/ruby/include/ruby-1.9.1 -I. -DAI_ADDRCONFIG=0 -I/opt/bitnami/common/include  -D_FILE_OFFSET_BITS=64 -DAI_ADDRCONFIG=0 -I/opt/bitnami/common/include  -I/opt/bitnami/common/include -DRB_ISEQ_COMPILE_6ARGS  conftest.c -o conftest.i"
conftest.c:3: fatal error: vm_core.h: No such file or directory
compilation terminated.
checked program was:
/* begin */
1: #include "ruby.h"
2: 
3: #include <vm_core.h>
/* end */

--------------------

have_struct_member: checking for rb_method_entry_t.body in method.h... -------------------- no

"gcc -I/opt/bitnami/ruby/include/ruby-1.9.1/i686-linux -I/opt/bitnami/ruby/include/ruby-1.9.1/ruby/backward -I/opt/bitnami/ruby/include/ruby-1.9.1 -I. -I/opt/bitnami/ruby/include/ruby-1.9.1/ruby-1.9.2-p136 -I/opt/bitnami/common/include -DRB_ISEQ_COMPILE_6ARGS   -c conftest.c"
conftest.c:7: error: ‘rb_method_entry_t’ has no member named ‘body’
checked program was:
/* begin */
1: #include "ruby.h"
2: 
3: #include <method.h>
4: 
5: /*top*/
6: int main() {return 0;}
7: int s = (char *)&((rb_method_entry_t*)0)->body - (char *)0;
/* end */

--------------------

have_header: checking for vm_core.h... -------------------- yes

"gcc -E -I/opt/bitnami/ruby/include/ruby-1.9.1/i686-linux -I/opt/bitnami/ruby/include/ruby-1.9.1/ruby/backward -I/opt/bitnami/ruby/include/ruby-1.9.1 -I. -I/opt/bitnami/ruby/include/ruby-1.9.1/ruby-1.9.2-p136 -I/opt/bitnami/common/include -DRB_ISEQ_COMPILE_6ARGS  conftest.c -o conftest.i"
checked program was:
/* begin */
1: #include "ruby.h"
2: 
3: #include <vm_core.h>
/* end */

--------------------

have_header: checking for iseq.h... -------------------- yes

"gcc -E -I/opt/bitnami/ruby/include/ruby-1.9.1/i686-linux -I/opt/bitnami/ruby/include/ruby-1.9.1/ruby/backward -I/opt/bitnami/ruby/include/ruby-1.9.1 -I. -I/opt/bitnami/ruby/include/ruby-1.9.1/ruby-1.9.2-p136 -I/opt/bitnami/common/include -DRB_ISEQ_COMPILE_6ARGS  conftest.c -o conftest.i"
checked program was:
/* begin */
1: #include "ruby.h"
2: 
3: #include <iseq.h>
/* end */

--------------------

have_header: checking for insns.inc... -------------------- yes

"gcc -E -I/opt/bitnami/ruby/include/ruby-1.9.1/i686-linux -I/opt/bitnami/ruby/include/ruby-1.9.1/ruby/backward -I/opt/bitnami/ruby/include/ruby-1.9.1 -I. -I/opt/bitnami/ruby/include/ruby-1.9.1/ruby-1.9.2-p136 -I/opt/bitnami/common/include -DRB_ISEQ_COMPILE_6ARGS  conftest.c -o conftest.i"
checked program was:
/* begin */
1: #include "ruby.h"
2: 
3: #include <insns.inc>
/* end */

--------------------

have_header: checking for insns_info.inc... -------------------- yes

"gcc -E -I/opt/bitnami/ruby/include/ruby-1.9.1/i686-linux -I/opt/bitnami/ruby/include/ruby-1.9.1/ruby/backward -I/opt/bitnami/ruby/include/ruby-1.9.1 -I. -I/opt/bitnami/ruby/include/ruby-1.9.1/ruby-1.9.2-p136 -I/opt/bitnami/common/include -DRB_ISEQ_COMPILE_6ARGS  conftest.c -o conftest.i"
checked program was:
/* begin */
1: #include "ruby.h"
2: 
3: #include <insns_info.inc>
/* end */

--------------------

have_header: checking for eval_intern.h... -------------------- yes

"gcc -E -I/opt/bitnami/ruby/include/ruby-1.9.1/i686-linux -I/opt/bitnami/ruby/include/ruby-1.9.1/ruby/backward -I/opt/bitnami/ruby/include/ruby-1.9.1 -I. -I/opt/bitnami/ruby/include/ruby-1.9.1/ruby-1.9.2-p136 -I/opt/bitnami/common/include -DRB_ISEQ_COMPILE_6ARGS  conftest.c -o conftest.i"
checked program was:
/* begin */
1: #include "ruby.h"
2: 
3: #include <eval_intern.h>
/* end */

--------------------

